<?xml version="1.0" encoding="UTF-8"?>
<!-- Generated by org.testng.reporters.JUnitXMLReporter -->
<testsuite ignored="1" hostname="DESKTOP-LHK9284" failures="0" tests="8" name="ChromeTest" time="67.953" errors="0" timestamp="2022-09-24T20:36:29 IST">
  <testcase classname="testNG.V02TestNG" name="test1" time="37.236"/>
  <testcase classname="testNG.V04Annotations" name="test1" time="0.007"/>
  <testcase classname="testNG.V01TestNGInstallationCheck" name="test" time="0.001"/>
  <testcase classname="testNG.V01TestNGInstallationCheck" name="testNGInstallationCheck" time="0.002"/>
  <testcase classname="testNG.V03testAnnotationsDemo" name="test1" time="0.003"/>
  <testcase classname="testNG.V03testAnnotationsDemo" name="test1" time="0.005"/>
  <testcase classname="testNG.V03testAnnotationsDemo" name="demo" time="0.012"/>
  <testcase classname="testNG.V01TestNG" name="checkTC1" time="30.54"/>
  <testcase classname="testNG.V03testAnnotationsDemo" name="dummy" time="0.0">
    <ignored/>
  </testcase> <!-- dummy -->
</testsuite> <!-- ChromeTest -->
