<?xml version="1.0" encoding="UTF-8"?>
<!-- Generated by org.testng.reporters.JUnitXMLReporter -->
<testsuite ignored="1" hostname="DESKTOP-LHK9284" failures="0" tests="1" name="Default test(failed)" time="32.749" errors="0" timestamp="2024-04-12T00:26:47 IST">
  <testcase classname="test_package.V06xpath" name="search" time="15.632"/>
  <testcase classname="test_package.V06xpath" name="openWebpage" time="0.0">
    <ignored/>
  </testcase> <!-- openWebpage -->
</testsuite> <!-- Default test(failed) -->
