<?xml version="1.0" encoding="UTF-8"?>
<testng-results ignored="0" total="1" passed="1" failed="0" skipped="0">
  <reporter-output>
  </reporter-output>
  <suite started-at="2024-04-22T20:19:37 IST" name="Default suite" finished-at="2024-04-22T20:21:03 IST" duration-ms="86016">
    <groups>
    </groups>
    <test started-at="2024-04-22T20:19:37 IST" name="Default test" finished-at="2024-04-22T20:21:03 IST" duration-ms="86016">
      <class name="testPack1.TestAlert">
        <test-method is-config="true" signature="LaunchBrowser()[pri:0, instance:testPack1.TestAlert@3012646b]" started-at="2024-04-22T20:19:37 IST" name="LaunchBrowser" finished-at="2024-04-22T20:19:47 IST" duration-ms="10163" status="PASS">
          <reporter-output>
          </reporter-output>
        </test-method> <!-- LaunchBrowser -->
        <test-method signature="OpenWebPage()[pri:0, instance:testPack1.TestAlert@3012646b]" started-at="2024-04-22T20:19:47 IST" name="OpenWebPage" finished-at="2024-04-22T20:20:59 IST" duration-ms="72117" status="PASS">
          <reporter-output>
          </reporter-output>
        </test-method> <!-- OpenWebPage -->
        <test-method is-config="true" signature="Teardown()[pri:0, instance:testPack1.TestAlert@3012646b]" started-at="2024-04-22T20:20:59 IST" name="Teardown" finished-at="2024-04-22T20:21:03 IST" duration-ms="3672" status="PASS">
          <reporter-output>
          </reporter-output>
        </test-method> <!-- Teardown -->
      </class> <!-- testPack1.TestAlert -->
    </test> <!-- Default test -->
  </suite> <!-- Default suite -->
</testng-results>
