<?xml version="1.0" encoding="UTF-8"?>
<!-- Generated by org.testng.reporters.JUnitXMLReporter -->
<testsuite ignored="0" hostname="DESKTOP-LHK9284" failures="0" tests="3" name="Testxpath1" time="72.707" errors="0" timestamp="2024-04-22T18:14:45 IST">
  <testcase classname="test_package.V05xpath" name="openWebpage" time="4.88"/>
  <testcase classname="test_package.V05xpath" name="logIn" time="19.888"/>
  <testcase classname="test_package.V05xpath" name="forgetPassword" time="10.615"/>
</testsuite> <!-- Testxpath1 -->
