<?xml version="1.0" encoding="UTF-8"?>
<!-- Generated by org.testng.reporters.JUnitXMLReporter -->
<testsuite ignored="0" hostname="DESKTOP-LHK9284" failures="0" tests="3" name="Testxpath1" time="92.178" errors="0" timestamp="2024-04-17T12:02:40 IST">
  <testcase classname="test_package.V05xpath" name="openWebpage" time="4.615"/>
  <testcase classname="test_package.V05xpath" name="logIn" time="25.022"/>
  <testcase classname="test_package.V05xpath" name="forgetPassword" time="27.724"/>
</testsuite> <!-- Testxpath1 -->
